<?xml version="1.0" encoding="UTF-8"?>
<!-- Generated by org.testng.reporters.JUnitXMLReporter -->
<testsuite hostname="IND184" name="parametrization" tests="2" failures="1" timestamp="5 Sep 2018 07:18:22 GMT" time="6.834" errors="0">
  <testcase name="testcase2" time="0.02" classname="Selenium.Test.identifyxpath">
    <failure type="java.lang.NullPointerException">
      <![CDATA[java.lang.NullPointerException
	at Selenium.Test.identifyxpath.testcase2(identifyxpath.java:45)
... Removed 24 stack frames]]>
    </failure>
  </testcase> <!-- testcase2 -->
  <testcase name="testcaseone" time="6.744" classname="Selenium.Test.identifyxpath"/>
</testsuite> <!-- parametrization -->
